C:\USERS\JAVIER\DESKTOP\GIT-REPOS\TITANSRO\TITANS\TITANS\TITANS.OBJ
C:\USERS\JAVIER\DESKTOP\GIT-REPOS\TITANSRO\TITANS\TITANS\VC110.PDB
C:\USERS\JAVIER\DESKTOP\GIT-REPOS\TITANSRO\PLUGINS\TITANS.ILK
C:\USERS\JAVIER\DESKTOP\GIT-REPOS\TITANSRO\PLUGINS\TITANS.DLL
C:\USERS\JAVIER\DESKTOP\GIT-REPOS\TITANSRO\PLUGINS\TITANS.PDB
C:\Users\Javier\Desktop\GIT-REPOS\TitansRO\plugins\titans.lib
C:\Users\Javier\Desktop\GIT-REPOS\TitansRO\plugins\titans.exp
C:\Users\Javier\Desktop\GIT-REPOS\TitansRO\titans\titans\titans.obj
C:\Users\Javier\Desktop\GIT-REPOS\TitansRO\titans\titans\cl.command.1.tlog
C:\Users\Javier\Desktop\GIT-REPOS\TitansRO\titans\titans\CL.read.1.tlog
C:\Users\Javier\Desktop\GIT-REPOS\TitansRO\titans\titans\CL.write.1.tlog
C:\Users\Javier\Desktop\GIT-REPOS\TitansRO\titans\titans\link-cvtres.read.1.tlog
C:\Users\Javier\Desktop\GIT-REPOS\TitansRO\titans\titans\link-cvtres.write.1.tlog
C:\Users\Javier\Desktop\GIT-REPOS\TitansRO\titans\titans\link-rc.read.1.tlog
C:\Users\Javier\Desktop\GIT-REPOS\TitansRO\titans\titans\link-rc.write.1.tlog
C:\Users\Javier\Desktop\GIT-REPOS\TitansRO\titans\titans\link.command.1.tlog
C:\Users\Javier\Desktop\GIT-REPOS\TitansRO\titans\titans\link.read.1.tlog
C:\Users\Javier\Desktop\GIT-REPOS\TitansRO\titans\titans\link.write.1.tlog
C:\Users\Javier\Desktop\GIT-REPOS\TitansRO\titans\titans\titans.write.1.tlog
C:\Users\Javier\Desktop\GIT-REPOS\TitansRO\titans\titans\vc110.idb
C:\Users\Javier\Desktop\GIT-REPOS\TitansRO\titans\titans\vc110.pdb
C:\Users\Javier\Desktop\GIT-REPOS\TitansRO\titans\..\plugins\titans.dll
