C:\USERS\JAVIER\DESKTOP\GIT-REPOS\TITANSRO\GETMEMBERAID\GETMEMBERAID\GETMEMBERAID.OBJ
C:\USERS\JAVIER\DESKTOP\GIT-REPOS\TITANSRO\GETMEMBERAID\GETMEMBERAID\VC110.PDB
C:\Users\Javier\Desktop\GIT-REPOS\TitansRO\plugins\getmemberaid.lib
C:\Users\Javier\Desktop\GIT-REPOS\TitansRO\plugins\getmemberaid.exp
C:\USERS\JAVIER\DESKTOP\GIT-REPOS\TITANSRO\PLUGINS\GETMEMBERAID.ILK
C:\USERS\JAVIER\DESKTOP\GIT-REPOS\TITANSRO\PLUGINS\GETMEMBERAID.DLL
C:\USERS\JAVIER\DESKTOP\GIT-REPOS\TITANSRO\PLUGINS\GETMEMBERAID.PDB
C:\Users\Javier\Desktop\GIT-REPOS\TitansRO\getmemberaid\getmemberaid\getmemberaid.obj
C:\Users\Javier\Desktop\GIT-REPOS\TitansRO\getmemberaid\getmemberaid\cl.command.1.tlog
C:\Users\Javier\Desktop\GIT-REPOS\TitansRO\getmemberaid\getmemberaid\CL.read.1.tlog
C:\Users\Javier\Desktop\GIT-REPOS\TitansRO\getmemberaid\getmemberaid\CL.write.1.tlog
C:\Users\Javier\Desktop\GIT-REPOS\TitansRO\getmemberaid\getmemberaid\getmemberaid.write.1.tlog
C:\Users\Javier\Desktop\GIT-REPOS\TitansRO\getmemberaid\getmemberaid\link-cvtres.read.1.tlog
C:\Users\Javier\Desktop\GIT-REPOS\TitansRO\getmemberaid\getmemberaid\link-cvtres.write.1.tlog
C:\Users\Javier\Desktop\GIT-REPOS\TitansRO\getmemberaid\getmemberaid\link-rc.read.1.tlog
C:\Users\Javier\Desktop\GIT-REPOS\TitansRO\getmemberaid\getmemberaid\link-rc.write.1.tlog
C:\Users\Javier\Desktop\GIT-REPOS\TitansRO\getmemberaid\getmemberaid\link.command.1.tlog
C:\Users\Javier\Desktop\GIT-REPOS\TitansRO\getmemberaid\getmemberaid\link.read.1.tlog
C:\Users\Javier\Desktop\GIT-REPOS\TitansRO\getmemberaid\getmemberaid\link.write.1.tlog
C:\Users\Javier\Desktop\GIT-REPOS\TitansRO\getmemberaid\getmemberaid\vc110.idb
C:\Users\Javier\Desktop\GIT-REPOS\TitansRO\getmemberaid\getmemberaid\vc110.pdb
C:\Users\Javier\Desktop\GIT-REPOS\TitansRO\getmemberaid\..\plugins\getmemberaid.dll
