C:\Users\Javier\Desktop\GIT-REPOS\TitansRO\plugins\addrid.lib
C:\Users\Javier\Desktop\GIT-REPOS\TitansRO\plugins\addrid.exp
C:\USERS\JAVIER\DESKTOP\GIT-REPOS\TITANSRO\ADDRID\ADDRID\ADDRID.OBJ
C:\USERS\JAVIER\DESKTOP\GIT-REPOS\TITANSRO\ADDRID\ADDRID\VC110.PDB
C:\USERS\JAVIER\DESKTOP\GIT-REPOS\TITANSRO\PLUGINS\ADDRID.ILK
C:\USERS\JAVIER\DESKTOP\GIT-REPOS\TITANSRO\PLUGINS\ADDRID.DLL
C:\USERS\JAVIER\DESKTOP\GIT-REPOS\TITANSRO\PLUGINS\ADDRID.PDB
C:\Users\Javier\Desktop\GIT-REPOS\TitansRO\addrid\addrid\addrid.obj
C:\Users\Javier\Desktop\GIT-REPOS\TitansRO\addrid\addrid\addrid.write.1.tlog
C:\Users\Javier\Desktop\GIT-REPOS\TitansRO\addrid\addrid\cl.command.1.tlog
C:\Users\Javier\Desktop\GIT-REPOS\TitansRO\addrid\addrid\CL.read.1.tlog
C:\Users\Javier\Desktop\GIT-REPOS\TitansRO\addrid\addrid\CL.write.1.tlog
C:\Users\Javier\Desktop\GIT-REPOS\TitansRO\addrid\addrid\link-cvtres.read.1.tlog
C:\Users\Javier\Desktop\GIT-REPOS\TitansRO\addrid\addrid\link-cvtres.write.1.tlog
C:\Users\Javier\Desktop\GIT-REPOS\TitansRO\addrid\addrid\link-rc.read.1.tlog
C:\Users\Javier\Desktop\GIT-REPOS\TitansRO\addrid\addrid\link-rc.write.1.tlog
C:\Users\Javier\Desktop\GIT-REPOS\TitansRO\addrid\addrid\link.command.1.tlog
C:\Users\Javier\Desktop\GIT-REPOS\TitansRO\addrid\addrid\link.read.1.tlog
C:\Users\Javier\Desktop\GIT-REPOS\TitansRO\addrid\addrid\link.write.1.tlog
C:\Users\Javier\Desktop\GIT-REPOS\TitansRO\addrid\addrid\vc110.idb
C:\Users\Javier\Desktop\GIT-REPOS\TitansRO\addrid\addrid\vc110.pdb
C:\Users\Javier\Desktop\GIT-REPOS\TitansRO\addrid\..\plugins\addrid.dll
