C:\Users\Javier\Desktop\GIT-REPOS\TitansRO\plugins\auraset.lib
C:\Users\Javier\Desktop\GIT-REPOS\TitansRO\plugins\auraset.exp
C:\USERS\JAVIER\DESKTOP\GIT-REPOS\TITANSRO\AURASET\AURASET\VC110.PDB
C:\USERS\JAVIER\DESKTOP\GIT-REPOS\TITANSRO\AURASET\AURASET\AURASET.OBJ
C:\USERS\JAVIER\DESKTOP\GIT-REPOS\TITANSRO\PLUGINS\AURASET.ILK
C:\USERS\JAVIER\DESKTOP\GIT-REPOS\TITANSRO\PLUGINS\AURASET.DLL
C:\USERS\JAVIER\DESKTOP\GIT-REPOS\TITANSRO\PLUGINS\AURASET.PDB
C:\Users\Javier\Desktop\GIT-REPOS\TitansRO\auraset\auraset\auraset.obj
C:\Users\Javier\Desktop\GIT-REPOS\TitansRO\auraset\auraset\auraset.write.1.tlog
C:\Users\Javier\Desktop\GIT-REPOS\TitansRO\auraset\auraset\cl.command.1.tlog
C:\Users\Javier\Desktop\GIT-REPOS\TitansRO\auraset\auraset\CL.read.1.tlog
C:\Users\Javier\Desktop\GIT-REPOS\TitansRO\auraset\auraset\CL.write.1.tlog
C:\Users\Javier\Desktop\GIT-REPOS\TitansRO\auraset\auraset\link-cvtres.read.1.tlog
C:\Users\Javier\Desktop\GIT-REPOS\TitansRO\auraset\auraset\link-cvtres.write.1.tlog
C:\Users\Javier\Desktop\GIT-REPOS\TitansRO\auraset\auraset\link-rc.read.1.tlog
C:\Users\Javier\Desktop\GIT-REPOS\TitansRO\auraset\auraset\link-rc.write.1.tlog
C:\Users\Javier\Desktop\GIT-REPOS\TitansRO\auraset\auraset\link.command.1.tlog
C:\Users\Javier\Desktop\GIT-REPOS\TitansRO\auraset\auraset\link.read.1.tlog
C:\Users\Javier\Desktop\GIT-REPOS\TitansRO\auraset\auraset\link.write.1.tlog
C:\Users\Javier\Desktop\GIT-REPOS\TitansRO\auraset\auraset\vc110.idb
C:\Users\Javier\Desktop\GIT-REPOS\TitansRO\auraset\auraset\vc110.pdb
C:\Users\Javier\Desktop\GIT-REPOS\TitansRO\auraset\..\plugins\auraset.dll
